<?xml version="1.0" encoding="UTF-8"?>
<!-- Generated by org.testng.reporters.JUnitXMLReporter -->
<testsuite ignored="0" hostname="LAPTOP-8GM7S38Q" failures="0" tests="4" name="FrameworkDemoTest" time="9.17" errors="0" timestamp="2024-01-20T12:25:25 IST">
  <testcase classname="api.tests.UserTests" name="testCreateUser" time="3.198"/>
  <testcase classname="api.tests.UserTests" name="testRetrieveUser" time="1.16"/>
  <testcase classname="api.tests.UserTests" name="testUpdateUser" time="2.422"/>
  <testcase classname="api.tests.UserTests" name="testDeleteUser" time="2.203"/>
</testsuite> <!-- FrameworkDemoTest -->
