<?xml version="1.0" encoding="UTF-8"?>
<testng-results ignored="0" total="4" passed="4" failed="0" skipped="0">
  <reporter-output>
  </reporter-output>
  <suite started-at="2024-01-20T12:25:16 IST" name="FrameworkDemoSuite" finished-at="2024-01-20T12:25:25 IST" duration-ms="9170">
    <groups>
    </groups>
    <test started-at="2024-01-20T12:25:16 IST" name="FrameworkDemoTest" finished-at="2024-01-20T12:25:25 IST" duration-ms="9170">
      <class name="api.tests.UserTests">
        <test-method is-config="true" signature="prepareData()[pri:0, instance:api.tests.UserTests@20deea7f]" started-at="2024-01-20T12:25:16 IST" name="prepareData" finished-at="2024-01-20T12:25:16 IST" duration-ms="158" status="PASS">
          <reporter-output>
          </reporter-output>
        </test-method> <!-- prepareData -->
        <test-method signature="testCreateUser()[pri:1, instance:api.tests.UserTests@20deea7f]" started-at="2024-01-20T12:25:16 IST" name="testCreateUser" finished-at="2024-01-20T12:25:19 IST" duration-ms="3198" status="PASS">
          <reporter-output>
          </reporter-output>
        </test-method> <!-- testCreateUser -->
        <test-method signature="testRetrieveUser()[pri:2, instance:api.tests.UserTests@20deea7f]" started-at="2024-01-20T12:25:19 IST" name="testRetrieveUser" finished-at="2024-01-20T12:25:20 IST" duration-ms="1160" status="PASS">
          <reporter-output>
          </reporter-output>
        </test-method> <!-- testRetrieveUser -->
        <test-method signature="testUpdateUser()[pri:3, instance:api.tests.UserTests@20deea7f]" started-at="2024-01-20T12:25:20 IST" name="testUpdateUser" finished-at="2024-01-20T12:25:23 IST" duration-ms="2422" status="PASS">
          <reporter-output>
          </reporter-output>
        </test-method> <!-- testUpdateUser -->
        <test-method signature="testDeleteUser()[pri:4, instance:api.tests.UserTests@20deea7f]" started-at="2024-01-20T12:25:23 IST" name="testDeleteUser" finished-at="2024-01-20T12:25:25 IST" duration-ms="2203" status="PASS">
          <reporter-output>
          </reporter-output>
        </test-method> <!-- testDeleteUser -->
      </class> <!-- api.tests.UserTests -->
    </test> <!-- FrameworkDemoTest -->
  </suite> <!-- FrameworkDemoSuite -->
</testng-results>
