<?xml version="1.0" encoding="UTF-8"?>
<!-- Generated by org.testng.reporters.JUnitXMLReporter -->
<testsuite ignored="0" hostname="LAPTOP-8GM7S38Q" failures="0" tests="4" name="FrameworkDemoTest" time="8.53" errors="0" timestamp="2024-01-20T12:21:06 IST">
  <testcase classname="api.tests.UserTests" name="testCreateUser" time="2.703"/>
  <testcase classname="api.tests.UserTests" name="testRetrieveUser" time="1.118"/>
  <testcase classname="api.tests.UserTests" name="testUpdateUser" time="2.206"/>
  <testcase classname="api.tests.UserTests" name="testDeleteUser" time="2.262"/>
</testsuite> <!-- FrameworkDemoTest -->
