<?xml version="1.0" encoding="UTF-8"?>
<testng-results ignored="0" total="4" passed="4" failed="0" skipped="0">
  <reporter-output>
  </reporter-output>
  <suite started-at="2024-01-20T12:20:58 IST" name="FrameworkDemoSuite" finished-at="2024-01-20T12:21:06 IST" duration-ms="8530">
    <groups>
    </groups>
    <test started-at="2024-01-20T12:20:58 IST" name="FrameworkDemoTest" finished-at="2024-01-20T12:21:06 IST" duration-ms="8530">
      <class name="api.tests.UserTests">
        <test-method is-config="true" signature="prepareData()[pri:0, instance:api.tests.UserTests@70e9c95d]" started-at="2024-01-20T12:20:58 IST" name="prepareData" finished-at="2024-01-20T12:20:58 IST" duration-ms="199" status="PASS">
          <reporter-output>
          </reporter-output>
        </test-method> <!-- prepareData -->
        <test-method signature="testCreateUser()[pri:1, instance:api.tests.UserTests@70e9c95d]" started-at="2024-01-20T12:20:58 IST" name="testCreateUser" finished-at="2024-01-20T12:21:01 IST" duration-ms="2703" status="PASS">
          <reporter-output>
          </reporter-output>
        </test-method> <!-- testCreateUser -->
        <test-method signature="testRetrieveUser()[pri:2, instance:api.tests.UserTests@70e9c95d]" started-at="2024-01-20T12:21:01 IST" name="testRetrieveUser" finished-at="2024-01-20T12:21:02 IST" duration-ms="1118" status="PASS">
          <reporter-output>
          </reporter-output>
        </test-method> <!-- testRetrieveUser -->
        <test-method signature="testUpdateUser()[pri:3, instance:api.tests.UserTests@70e9c95d]" started-at="2024-01-20T12:21:02 IST" name="testUpdateUser" finished-at="2024-01-20T12:21:04 IST" duration-ms="2206" status="PASS">
          <reporter-output>
          </reporter-output>
        </test-method> <!-- testUpdateUser -->
        <test-method signature="testDeleteUser()[pri:4, instance:api.tests.UserTests@70e9c95d]" started-at="2024-01-20T12:21:04 IST" name="testDeleteUser" finished-at="2024-01-20T12:21:06 IST" duration-ms="2262" status="PASS">
          <reporter-output>
          </reporter-output>
        </test-method> <!-- testDeleteUser -->
      </class> <!-- api.tests.UserTests -->
    </test> <!-- FrameworkDemoTest -->
  </suite> <!-- FrameworkDemoSuite -->
</testng-results>
